<?xml version="1.0" encoding="UTF-8"?>
<testng-results skipped="0" failed="0" total="2" passed="2">
  <reporter-output>
  </reporter-output>
  <suite name="Default suite" duration-ms="26392" started-at="2019-04-18T11:58:15Z" finished-at="2019-04-18T11:58:41Z">
    <groups>
    </groups>
    <test name="Default test" duration-ms="26392" started-at="2019-04-18T11:58:15Z" finished-at="2019-04-18T11:58:41Z">
      <class name="Hotelogix.com.Hotelogix.MyTestClass">
        <test-method status="PASS" signature="fn_launchingnavigatingbrowser()[pri:0, instance:Hotelogix.com.Hotelogix.MyTestClass@2b98378d]" name="fn_launchingnavigatingbrowser" duration-ms="23029" started-at="2019-04-18T17:28:15Z" finished-at="2019-04-18T17:28:38Z">
          <reporter-output>
          </reporter-output>
        </test-method> <!-- fn_launchingnavigatingbrowser -->
        <test-method status="PASS" signature="fn_TryforFree()[pri:0, instance:Hotelogix.com.Hotelogix.MyTestClass@2b98378d]" name="fn_TryforFree" duration-ms="3343" started-at="2019-04-18T17:28:38Z" finished-at="2019-04-18T17:28:41Z">
          <reporter-output>
          </reporter-output>
        </test-method> <!-- fn_TryforFree -->
      </class> <!-- Hotelogix.com.Hotelogix.MyTestClass -->
    </test> <!-- Default test -->
  </suite> <!-- Default suite -->
</testng-results>
