<?xml version="1.0" encoding="UTF-8"?>
<testng-results skipped="0" failed="1" total="3" passed="2">
  <reporter-output>
  </reporter-output>
  <suite name="Default suite" duration-ms="41931" started-at="2019-04-24T08:59:14Z" finished-at="2019-04-24T08:59:56Z">
    <groups>
    </groups>
    <test name="Default test" duration-ms="41931" started-at="2019-04-24T08:59:14Z" finished-at="2019-04-24T08:59:56Z">
      <class name="Hotelogix.com.Hotelogix.MyTestClass">
        <test-method status="PASS" signature="fn_launchingnavigatingbrowser()[pri:0, instance:Hotelogix.com.Hotelogix.MyTestClass@27c20538]" name="fn_launchingnavigatingbrowser" duration-ms="24064" started-at="2019-04-24T14:29:14Z" finished-at="2019-04-24T14:29:38Z">
          <reporter-output>
          </reporter-output>
        </test-method> <!-- fn_launchingnavigatingbrowser -->
        <test-method status="PASS" signature="fn_TryforFree()[pri:0, instance:Hotelogix.com.Hotelogix.MyTestClass@27c20538]" name="fn_TryforFree" duration-ms="3724" started-at="2019-04-24T14:29:38Z" finished-at="2019-04-24T14:29:42Z">
          <reporter-output>
          </reporter-output>
        </test-method> <!-- fn_TryforFree -->
        <test-method status="FAIL" signature="fn_Register()[pri:0, instance:Hotelogix.com.Hotelogix.MyTestClass@27c20538]" name="fn_Register" duration-ms="14121" started-at="2019-04-24T14:29:42Z" finished-at="2019-04-24T14:29:56Z">
          <exception class="org.openqa.selenium.WebDriverException">
            <message>
              <![CDATA[Failed to find value field
Build info: version: '3.5.1', revision: '9c21bb67ef', time: '2017-08-17T15:26:08.955Z'
System info: host: 'HMS-HARISH-QA', ip: '192.168.2.113', os.name: 'Windows 10', os.arch: 'amd64', os.version: '10.0', java.version: '1.8.0_152'
Driver info: org.openqa.selenium.firefox.FirefoxDriver
Capabilities [{moz:profile=C:\Users\harish\AppData\Local\Temp\rust_mozprofile.iy2pucWmsPhX, rotatable=false, timeouts={implicit=0.0, pageLoad=300000.0, script=30000.0}, pageLoadStrategy=normal, moz:headless=false, platform=ANY, moz:accessibilityChecks=false, acceptInsecureCerts=true, browserVersion=57.0.2, platformVersion=10.0, moz:processID=13036.0, browserName=firefox, javascriptEnabled=true, platformName=windows_nt, moz:webdriverClick=false}]
Session ID: f5c0c912-0bab-4cb1-bd47-54ebde238260
*** Element info: {Using=link text, value=SUBMIT}]]>
            </message>
            <full-stacktrace>
              <![CDATA[org.openqa.selenium.WebDriverException: Failed to find value field
Build info: version: '3.5.1', revision: '9c21bb67ef', time: '2017-08-17T15:26:08.955Z'
System info: host: 'HMS-HARISH-QA', ip: '192.168.2.113', os.name: 'Windows 10', os.arch: 'amd64', os.version: '10.0', java.version: '1.8.0_152'
Driver info: org.openqa.selenium.firefox.FirefoxDriver
Capabilities [{moz:profile=C:\Users\harish\AppData\Local\Temp\rust_mozprofile.iy2pucWmsPhX, rotatable=false, timeouts={implicit=0.0, pageLoad=300000.0, script=30000.0}, pageLoadStrategy=normal, moz:headless=false, platform=ANY, moz:accessibilityChecks=false, acceptInsecureCerts=true, browserVersion=57.0.2, platformVersion=10.0, moz:processID=13036.0, browserName=firefox, javascriptEnabled=true, platformName=windows_nt, moz:webdriverClick=false}]
Session ID: f5c0c912-0bab-4cb1-bd47-54ebde238260
*** Element info: {Using=link text, value=SUBMIT}
	at sun.reflect.NativeConstructorAccessorImpl.newInstance0(Native Method)
	at sun.reflect.NativeConstructorAccessorImpl.newInstance(Unknown Source)
	at sun.reflect.DelegatingConstructorAccessorImpl.newInstance(Unknown Source)
	at java.lang.reflect.Constructor.newInstance(Unknown Source)
	at org.openqa.selenium.remote.http.W3CHttpResponseCodec.createException(W3CHttpResponseCodec.java:185)
	at org.openqa.selenium.remote.http.W3CHttpResponseCodec.decode(W3CHttpResponseCodec.java:120)
	at org.openqa.selenium.remote.http.W3CHttpResponseCodec.decode(W3CHttpResponseCodec.java:49)
	at org.openqa.selenium.remote.HttpCommandExecutor.execute(HttpCommandExecutor.java:164)
	at org.openqa.selenium.remote.service.DriverCommandExecutor.execute(DriverCommandExecutor.java:82)
	at org.openqa.selenium.remote.RemoteWebDriver.execute(RemoteWebDriver.java:641)
	at org.openqa.selenium.remote.RemoteWebDriver.findElement(RemoteWebDriver.java:414)
	at org.openqa.selenium.remote.RemoteWebDriver.findElementByLinkText(RemoteWebDriver.java:465)
	at org.openqa.selenium.By$ByLinkText.findElement(By.java:246)
	at org.openqa.selenium.remote.RemoteWebDriver.findElement(RemoteWebDriver.java:406)
	at org.openqa.selenium.support.pagefactory.DefaultElementLocator.findElement(DefaultElementLocator.java:69)
	at org.openqa.selenium.support.pagefactory.internal.LocatingElementHandler.invoke(LocatingElementHandler.java:38)
	at com.sun.proxy.$Proxy8.isEnabled(Unknown Source)
	at Hotelogix.com.Hotelogix.GenericMethods.fn_click(GenericMethods.java:91)
	at Hotelogix.com.Hotelogix.RegisterPage.fn_SubmitButton(RegisterPage.java:76)
	at Hotelogix.com.Hotelogix.MyTestClass.fn_Register(MyTestClass.java:41)
	at sun.reflect.NativeMethodAccessorImpl.invoke0(Native Method)
	at sun.reflect.NativeMethodAccessorImpl.invoke(Unknown Source)
	at sun.reflect.DelegatingMethodAccessorImpl.invoke(Unknown Source)
	at java.lang.reflect.Method.invoke(Unknown Source)
	at org.testng.internal.MethodInvocationHelper.invokeMethod(MethodInvocationHelper.java:84)
	at org.testng.internal.Invoker.invokeMethod(Invoker.java:714)
	at org.testng.internal.Invoker.invokeTestMethod(Invoker.java:901)
	at org.testng.internal.Invoker.invokeTestMethods(Invoker.java:1231)
	at org.testng.internal.TestMethodWorker.invokeTestMethods(TestMethodWorker.java:127)
	at org.testng.internal.TestMethodWorker.run(TestMethodWorker.java:111)
	at org.testng.TestRunner.privateRun(TestRunner.java:767)
	at org.testng.TestRunner.run(TestRunner.java:617)
	at org.testng.SuiteRunner.runTest(SuiteRunner.java:348)
	at org.testng.SuiteRunner.runSequentially(SuiteRunner.java:343)
	at org.testng.SuiteRunner.privateRun(SuiteRunner.java:305)
	at org.testng.SuiteRunner.run(SuiteRunner.java:254)
	at org.testng.SuiteRunnerWorker.runSuite(SuiteRunnerWorker.java:52)
	at org.testng.SuiteRunnerWorker.run(SuiteRunnerWorker.java:86)
	at org.testng.TestNG.runSuitesSequentially(TestNG.java:1224)
	at org.testng.TestNG.runSuitesLocally(TestNG.java:1149)
	at org.testng.TestNG.run(TestNG.java:1057)
	at org.testng.remote.AbstractRemoteTestNG.run(AbstractRemoteTestNG.java:114)
	at org.testng.remote.RemoteTestNG.initAndRun(RemoteTestNG.java:251)
	at org.testng.remote.RemoteTestNG.main(RemoteTestNG.java:77)
]]>
            </full-stacktrace>
          </exception> <!-- org.openqa.selenium.WebDriverException -->
          <reporter-output>
          </reporter-output>
        </test-method> <!-- fn_Register -->
      </class> <!-- Hotelogix.com.Hotelogix.MyTestClass -->
    </test> <!-- Default test -->
  </suite> <!-- Default suite -->
</testng-results>
